<?xml version="1.0" encoding="UTF-8"?>
<!-- Generated by org.testng.reporters.JUnitReportReporter -->
<testsuite hostname="LAPTOP-76JOHB1V" failures="0" tests="15" name="booking_tests.Booking_HomepageTest" time="6.349" errors="0" timestamp="2025-09-19T01:34:39 AST" skipped="14">
  <testcase classname="booking_tests.Booking_HomepageTest" name="addToWishlist" time="6.349"/>
  <testcase classname="booking_tests.Booking_HomepageTest" name="applyStarRatingFilter">
    <skipped/>
  </testcase> <!-- applyStarRatingFilter -->
  <testcase classname="booking_tests.Booking_HomepageTest" name="fillPaymentFormDummy">
    <skipped/>
  </testcase> <!-- fillPaymentFormDummy -->
  <testcase classname="booking_tests.Booking_HomepageTest" name="userLogin">
    <skipped/>
  </testcase> <!-- userLogin -->
  <testcase classname="booking_tests.Booking_HomepageTest" name="mobileResponsiveness">
    <skipped/>
  </testcase> <!-- mobileResponsiveness -->
  <testcase classname="booking_tests.Booking_HomepageTest" name="bookingProcess">
    <skipped/>
  </testcase> <!-- bookingProcess -->
  <testcase classname="booking_tests.Booking_HomepageTest" name="completeGuestDetailsForm">
    <skipped/>
  </testcase> <!-- completeGuestDetailsForm -->
  <testcase classname="booking_tests.Booking_HomepageTest" name="changeLanguage">
    <skipped/>
  </testcase> <!-- changeLanguage -->
  <testcase classname="booking_tests.Booking_HomepageTest" name="searchAccommodation">
    <skipped/>
  </testcase> <!-- searchAccommodation -->
  <testcase classname="booking_tests.Booking_HomepageTest" name="homepageLoadsSuccessfully">
    <skipped/>
  </testcase> <!-- homepageLoadsSuccessfully -->
  <testcase classname="booking_tests.Booking_HomepageTest" name="customerSupportAccess">
    <skipped/>
  </testcase> <!-- customerSupportAccess -->
  <testcase classname="booking_tests.Booking_HomepageTest" name="openAccommodationDetailPage">
    <skipped/>
  </testcase> <!-- openAccommodationDetailPage -->
  <testcase classname="booking_tests.Booking_HomepageTest" name="changeCurrency">
    <skipped/>
  </testcase> <!-- changeCurrency -->
  <testcase classname="booking_tests.Booking_HomepageTest" name="offersSectionDisplay">
    <skipped/>
  </testcase> <!-- offersSectionDisplay -->
  <testcase classname="booking_tests.Booking_HomepageTest" name="sortByLowestPrice">
    <skipped/>
  </testcase> <!-- sortByLowestPrice -->
</testsuite> <!-- booking_tests.Booking_HomepageTest -->
