<?xml version="1.0" encoding="UTF-8"?>
<!-- Generated by org.testng.reporters.JUnitReportReporter -->
<testsuite hostname="LAPTOP-76JOHB1V" failures="0" tests="2" name="Practice" time="0.682" errors="0" timestamp="2025-08-16T17:55:56 AST" skipped="0">
  <testcase classname="Practice" name="login" time="0.377"/>
  <testcase classname="Practice" name="AddAllItemsToTheCart" time="0.305"/>
</testsuite> <!-- Practice -->
